<?xml version="1.0" encoding="UTF-8"?>
<!-- Generated by org.testng.reporters.JUnitReportReporter -->
<testsuite hostname="INLF6DLLH2" name="com.tdm.qa.testcases.SavedQueryPageTest" tests="1" failures="0" timestamp="24 Sep 2019 06:27:08 GMT" time="151.374" errors="0">
  <testcase name="editQuery" time="151.374" classname="com.tdm.qa.testcases.SavedQueryPageTest"/>
</testsuite> <!-- com.tdm.qa.testcases.SavedQueryPageTest -->
