<?xml version="1.0" encoding="UTF-8"?>
<!-- Generated by org.testng.reporters.JUnitReportReporter -->
<testsuite hostname="INLF6DLLH2" name="com.tdm.qa.testcases.CheckInHistoryPageTest" tests="1" failures="0" timestamp="3 Sep 2019 08:41:41 GMT" time="111.099" errors="0">
  <testcase name="verifyCheckInHist" time="111.099" classname="com.tdm.qa.testcases.CheckInHistoryPageTest"/>
</testsuite> <!-- com.tdm.qa.testcases.CheckInHistoryPageTest -->
