<?xml version="1.0" encoding="UTF-8"?>
<!-- Generated by org.testng.reporters.JUnitReportReporter -->
<testsuite hostname="INLF6DLLH2" name="com.tdm.qa.testcases.CheckInPageTest" tests="1" failures="0" timestamp="3 Oct 2019 08:34:46 GMT" time="138.156" errors="0">
  <testcase name="checkInComm" time="138.156" classname="com.tdm.qa.testcases.CheckInPageTest"/>
</testsuite> <!-- com.tdm.qa.testcases.CheckInPageTest -->
