<?xml version="1.0" encoding="UTF-8"?>
<!-- Generated by org.testng.reporters.JUnitReportReporter -->
<testsuite hostname="INLF6DLLH2" name="com.tdm.qa.testcases.AddNotifPageTest" tests="1" failures="0" timestamp="18 Oct 2019 11:29:41 GMT" time="248.860" errors="0">
  <testcase name="addNotification" time="248.860" classname="com.tdm.qa.testcases.AddNotifPageTest"/>
</testsuite> <!-- com.tdm.qa.testcases.AddNotifPageTest -->
