<?xml version="1.0" encoding="UTF-8"?>
<!-- Generated by org.testng.reporters.JUnitReportReporter -->
<testsuite hostname="INLF6DLLH2" name="com.tdm.qa.testcases.AboutPageTest" tests="1" failures="0" timestamp="10 Oct 2019 12:23:46 GMT" time="63.544" errors="0">
  <testcase name="validateAboutPage" time="63.544" classname="com.tdm.qa.testcases.AboutPageTest"/>
</testsuite> <!-- com.tdm.qa.testcases.AboutPageTest -->
