<?xml version="1.0" encoding="UTF-8"?>
<!-- Generated by org.testng.reporters.JUnitReportReporter -->
<testsuite hostname="INLF6DLLH2" name="com.tdm.qa.testcases.NearMePageTest" tests="1" failures="0" timestamp="10 Oct 2019 12:23:46 GMT" time="122.710" errors="0">
  <testcase name="validateNavigationOption" time="122.710" classname="com.tdm.qa.testcases.NearMePageTest"/>
</testsuite> <!-- com.tdm.qa.testcases.NearMePageTest -->
