<?xml version="1.0" encoding="UTF-8"?>
<!-- Generated by org.testng.reporters.JUnitReportReporter -->
<testsuite hostname="INLF6DLLH2" name="com.tdm.qa.testcases.HierarchiesPageTest" tests="1" failures="0" timestamp="3 Sep 2019 06:52:16 GMT" time="176.364" errors="0">
  <testcase name="selectStoreAcc" time="176.364" classname="com.tdm.qa.testcases.HierarchiesPageTest"/>
</testsuite> <!-- com.tdm.qa.testcases.HierarchiesPageTest -->
