<?xml version="1.0" encoding="UTF-8"?>
<!-- Generated by org.testng.reporters.JUnitReportReporter -->
<testsuite hostname="INLF6DLLH2" name="com.tdm.qa.testcases.CheckInHistoryPageTest" tests="1" failures="0" timestamp="9 Oct 2019 10:48:36 GMT" time="108.159" errors="0">
  <testcase name="verifyCheckInHist" time="108.159" classname="com.tdm.qa.testcases.CheckInHistoryPageTest"/>
</testsuite> <!-- com.tdm.qa.testcases.CheckInHistoryPageTest -->
