<?xml version="1.0" encoding="UTF-8"?>
<!-- Generated by org.testng.reporters.JUnitReportReporter -->
<testsuite hostname="INLF6DLLH2" name="com.tdm.qa.testcases.SignOutPageTest" tests="2" failures="0" timestamp="9 Oct 2019 10:48:36 GMT" time="136.926" errors="0">
  <testcase name="signOutYesOption" time="67.917" classname="com.tdm.qa.testcases.SignOutPageTest"/>
  <testcase name="signOutNoOption" time="69.009" classname="com.tdm.qa.testcases.SignOutPageTest"/>
</testsuite> <!-- com.tdm.qa.testcases.SignOutPageTest -->
