<?xml version="1.0" encoding="UTF-8"?>
<!-- Generated by org.testng.reporters.JUnitReportReporter -->
<testsuite hostname="INLF6DLLH2" name="com.tdm.qa.testcases.NearMePageTest" tests="1" failures="0" timestamp="3 Oct 2019 10:03:36 GMT" time="88.874" errors="0">
  <testcase name="validateNavigationOption" time="88.874" classname="com.tdm.qa.testcases.NearMePageTest"/>
</testsuite> <!-- com.tdm.qa.testcases.NearMePageTest -->
