<?xml version="1.0" encoding="UTF-8"?>
<!-- Generated by org.testng.reporters.JUnitReportReporter -->
<testsuite hostname="INLF6DLLH2" name="com.tdm.qa.testcases.SignOutPageTest" tests="2" failures="0" timestamp="26 Aug 2019 09:12:43 GMT" time="129.907" errors="0">
  <testcase name="signOutNoOption" time="65.102" classname="com.tdm.qa.testcases.SignOutPageTest"/>
  <testcase name="signOutYesOption" time="64.805" classname="com.tdm.qa.testcases.SignOutPageTest"/>
</testsuite> <!-- com.tdm.qa.testcases.SignOutPageTest -->
