<?xml version="1.0" encoding="UTF-8"?>
<!-- Generated by org.testng.reporters.JUnitReportReporter -->
<testsuite hostname="INLF6DLLH2" name="com.tdm.qa.testcases.SettingsPageTest" tests="1" failures="0" timestamp="4 Oct 2019 06:55:39 GMT" time="86.747" errors="0">
  <testcase name="resetLegend" time="86.747" classname="com.tdm.qa.testcases.SettingsPageTest"/>
</testsuite> <!-- com.tdm.qa.testcases.SettingsPageTest -->
