<?xml version="1.0" encoding="UTF-8"?>
<!-- Generated by org.testng.reporters.JUnitReportReporter -->
<testsuite hostname="INLF6DLLH2" name="com.tdm.qa.testcases.HierarchiesPageTest" tests="1" failures="0" timestamp="7 Oct 2019 07:21:18 GMT" time="188.811" errors="0">
  <testcase name="selectStoreAcc" time="188.811" classname="com.tdm.qa.testcases.HierarchiesPageTest"/>
</testsuite> <!-- com.tdm.qa.testcases.HierarchiesPageTest -->
