<?xml version="1.0" encoding="UTF-8"?>
<!-- Generated by org.testng.reporters.JUnitReportReporter -->
<testsuite hostname="INLF6DLLH2" name="com.tdm.qa.testcases.SelectFieldPageTest" tests="2" failures="0" timestamp="4 Oct 2019 06:34:20 GMT" time="200.667" errors="0">
  <testcase name="selectFieldAndHomePage" time="110.085" classname="com.tdm.qa.testcases.SelectFieldPageTest"/>
  <testcase name="setLegendAndSettingsPage" time="90.582" classname="com.tdm.qa.testcases.SelectFieldPageTest"/>
</testsuite> <!-- com.tdm.qa.testcases.SelectFieldPageTest -->
