<?xml version="1.0" encoding="UTF-8"?>
<!-- Generated by org.testng.reporters.JUnitReportReporter -->
<testsuite hostname="INLF6DLLH2" name="com.tdm.qa.testcases.MoreOptionPageTest" tests="1" failures="0" timestamp="10 Oct 2019 12:23:46 GMT" time="60.855" errors="0">
  <testcase name="verifyMoreOptionpopup" time="60.855" classname="com.tdm.qa.testcases.MoreOptionPageTest"/>
</testsuite> <!-- com.tdm.qa.testcases.MoreOptionPageTest -->
