<?xml version="1.0" encoding="UTF-8"?>
<!-- Generated by org.testng.reporters.JUnitReportReporter -->
<testsuite hostname="INLF6DLLH2" name="com.tdm.qa.testcases.SettingsEditPageTest" tests="2" failures="0" timestamp="3 Sep 2019 06:39:12 GMT" time="237.449" errors="0">
  <testcase name="assignIcon" time="132.480" classname="com.tdm.qa.testcases.SettingsEditPageTest"/>
  <testcase name="selectReset" time="104.969" classname="com.tdm.qa.testcases.SettingsEditPageTest"/>
</testsuite> <!-- com.tdm.qa.testcases.SettingsEditPageTest -->
