<?xml version="1.0" encoding="UTF-8"?>
<!-- Generated by org.testng.reporters.JUnitReportReporter -->
<testsuite hostname="INLF6DLLH2" name="com.tdm.qa.testcases.SavedQueryPageTest" tests="6" failures="0" timestamp="7 Oct 2019 07:09:04 GMT" time="616.699" errors="0">
  <testcase name="clickOnReset" time="109.713" classname="com.tdm.qa.testcases.SavedQueryPageTest"/>
  <testcase name="saveAsQuery" time="145.107" classname="com.tdm.qa.testcases.SavedQueryPageTest"/>
  <testcase name="deleteQuery" time="83.232" classname="com.tdm.qa.testcases.SavedQueryPageTest"/>
  <testcase name="verifyApplySearch" time="88.981" classname="com.tdm.qa.testcases.SavedQueryPageTest"/>
  <testcase name="verifySavedQueryPage" time="74.835" classname="com.tdm.qa.testcases.SavedQueryPageTest"/>
  <testcase name="saveQuery" time="114.831" classname="com.tdm.qa.testcases.SavedQueryPageTest"/>
</testsuite> <!-- com.tdm.qa.testcases.SavedQueryPageTest -->
