<?xml version="1.0" encoding="UTF-8"?>
<!-- Generated by org.testng.reporters.JUnitReportReporter -->
<testsuite hostname="INLF6DLLH2" name="com.tdm.qa.testcases.OwnDataPageTest" tests="1" failures="0" timestamp="9 Oct 2019 10:48:36 GMT" time="151.190" errors="0">
  <testcase name="fillOwnData" time="151.190" classname="com.tdm.qa.testcases.OwnDataPageTest"/>
</testsuite> <!-- com.tdm.qa.testcases.OwnDataPageTest -->
