<?xml version="1.0" encoding="UTF-8"?>
<!-- Generated by org.testng.reporters.JUnitReportReporter -->
<testsuite hostname="INLF6DLLH2" name="com.tdm.qa.testcases.StoreDetailsPageTest" tests="2" failures="0" timestamp="27 Aug 2019 07:22:42 GMT" time="161.724" errors="0">
  <testcase name="clickOnStoreMoreOpt" time="82.115" classname="com.tdm.qa.testcases.StoreDetailsPageTest"/>
  <testcase name="verifyStoreHierarchy" time="79.609" classname="com.tdm.qa.testcases.StoreDetailsPageTest"/>
</testsuite> <!-- com.tdm.qa.testcases.StoreDetailsPageTest -->
