<?xml version="1.0" encoding="UTF-8"?>
<!-- Generated by org.testng.reporters.JUnitReportReporter -->
<testsuite hostname="INLF6DLLH2" name="com.tdm.qa.testcases.StoreMoreOptPageTest" tests="1" failures="0" timestamp="4 Oct 2019 09:15:45 GMT" time="69.661" errors="0">
  <testcase name="clickOnMoreOpt" time="69.661" classname="com.tdm.qa.testcases.StoreMoreOptPageTest"/>
</testsuite> <!-- com.tdm.qa.testcases.StoreMoreOptPageTest -->
