<?xml version="1.0" encoding="UTF-8"?>
<!-- Generated by org.testng.reporters.JUnitReportReporter -->
<testsuite hostname="INLF6DLLH2" name="com.tdm.qa.testcases.NotificationsPageTest" tests="1" failures="0" timestamp="27 Aug 2019 12:26:25 GMT" time="77.208" errors="0">
  <testcase name="missingStore" time="77.208" classname="com.tdm.qa.testcases.NotificationsPageTest"/>
</testsuite> <!-- com.tdm.qa.testcases.NotificationsPageTest -->
