<?xml version="1.0" encoding="UTF-8"?>
<!-- Generated by org.testng.reporters.JUnitReportReporter -->
<testsuite hostname="INLF6DLLH2" name="com.tdm.qa.testcases.SavedQueryPageTest" tests="6" failures="0" timestamp="26 Sep 2019 07:39:55 GMT" time="612.504" errors="0">
  <testcase name="verifyApplySearch" time="88.779" classname="com.tdm.qa.testcases.SavedQueryPageTest"/>
  <testcase name="saveAsQuery" time="152.174" classname="com.tdm.qa.testcases.SavedQueryPageTest"/>
  <testcase name="saveQuery" time="115.450" classname="com.tdm.qa.testcases.SavedQueryPageTest"/>
  <testcase name="verifySavedQueryPage" time="71.982" classname="com.tdm.qa.testcases.SavedQueryPageTest"/>
  <testcase name="deleteQuery" time="73.855" classname="com.tdm.qa.testcases.SavedQueryPageTest"/>
  <testcase name="clickOnReset" time="110.264" classname="com.tdm.qa.testcases.SavedQueryPageTest"/>
</testsuite> <!-- com.tdm.qa.testcases.SavedQueryPageTest -->
