<?xml version="1.0" encoding="UTF-8"?>
<!-- Generated by org.testng.reporters.JUnitReportReporter -->
<testsuite hostname="INLF6DLLH2" name="com.tdm.qa.testcases.AboutPageTest" tests="1" failures="0" timestamp="21 Oct 2019 08:41:18 GMT" time="65.118" errors="0">
  <testcase name="validateAboutPage" time="65.118" classname="com.tdm.qa.testcases.AboutPageTest"/>
</testsuite> <!-- com.tdm.qa.testcases.AboutPageTest -->
