<?xml version="1.0" encoding="UTF-8"?>
<!-- Generated by org.testng.reporters.JUnitReportReporter -->
<testsuite hostname="INLF6DLLH2" name="com.tdm.qa.testcases.MoreOptionPageTest" tests="1" failures="0" timestamp="9 Oct 2019 10:48:36 GMT" time="63.628" errors="0">
  <testcase name="verifyMoreOptionpopup" time="63.628" classname="com.tdm.qa.testcases.MoreOptionPageTest"/>
</testsuite> <!-- com.tdm.qa.testcases.MoreOptionPageTest -->
