<?xml version="1.0" encoding="UTF-8"?>
<!-- Generated by org.testng.reporters.JUnitReportReporter -->
<testsuite hostname="INLF6DLLH2" name="com.tdm.qa.testcases.OfflineDataPageTest" tests="1" failures="0" timestamp="3 Oct 2019 10:58:23 GMT" time="5.200" errors="0">
  <testcase name="verifyOfflineDataPage" time="5.200" classname="com.tdm.qa.testcases.OfflineDataPageTest"/>
</testsuite> <!-- com.tdm.qa.testcases.OfflineDataPageTest -->
