<?xml version="1.0" encoding="UTF-8"?>
<!-- Generated by org.testng.reporters.JUnitReportReporter -->
<testsuite hostname="INLF6DLLH2" name="test.TestCases" tests="1" failures="0" timestamp="6 Aug 2019 05:49:36 GMT" time="39.189" errors="0">
  <testcase name="enterValues" time="39.189" classname="test.TestCases"/>
</testsuite> <!-- test.TestCases -->
