<?xml version="1.0" encoding="UTF-8"?>
<!-- Generated by org.testng.reporters.JUnitReportReporter -->
<testsuite hostname="INLF6DLLH2" name="com.tdm.qa.testcases.SelectFieldPageTest" tests="2" failures="0" timestamp="9 Oct 2019 10:48:36 GMT" time="208.946" errors="0">
  <testcase name="selectFieldAndHomePage" time="121.866" classname="com.tdm.qa.testcases.SelectFieldPageTest"/>
  <testcase name="setLegendAndSettingsPage" time="87.080" classname="com.tdm.qa.testcases.SelectFieldPageTest"/>
</testsuite> <!-- com.tdm.qa.testcases.SelectFieldPageTest -->
