<?xml version="1.0" encoding="UTF-8"?>
<!-- Generated by org.testng.reporters.JUnitReportReporter -->
<testsuite hostname="INLF6DLLH2" name="com.tdm.qa.testcases.HomePageTest" tests="3" failures="0" timestamp="10 Oct 2019 12:23:46 GMT" time="248.340" errors="0">
  <testcase name="validateNielsenSearch" time="88.344" classname="com.tdm.qa.testcases.HomePageTest"/>
  <testcase name="verifyHomePage" time="70.648" classname="com.tdm.qa.testcases.HomePageTest"/>
  <testcase name="validateGoogleSearch" time="89.348" classname="com.tdm.qa.testcases.HomePageTest"/>
</testsuite> <!-- com.tdm.qa.testcases.HomePageTest -->
