<?xml version="1.0" encoding="UTF-8"?>
<!-- Generated by org.testng.reporters.JUnitReportReporter -->
<testsuite hostname="INLF6DLLH2" name="com.tdm.qa.testcases.SettingsPageTest" tests="1" failures="0" timestamp="3 Sep 2019 06:05:14 GMT" time="91.134" errors="0">
  <testcase name="resetLegend" time="91.134" classname="com.tdm.qa.testcases.SettingsPageTest"/>
</testsuite> <!-- com.tdm.qa.testcases.SettingsPageTest -->
