<?xml version="1.0" encoding="UTF-8"?>
<!-- Generated by org.testng.reporters.JUnitReportReporter -->
<testsuite hostname="INLF6DLLH2" name="com.tdm.qa.testcases.LoginPageTest" tests="1" failures="0" timestamp="16 Oct 2019 09:39:58 GMT" time="60.136" errors="0">
  <testcase name="loginTest" time="60.136" classname="com.tdm.qa.testcases.LoginPageTest"/>
</testsuite> <!-- com.tdm.qa.testcases.LoginPageTest -->
