<?xml version="1.0" encoding="UTF-8"?>
<!-- Generated by org.testng.reporters.JUnitReportReporter -->
<testsuite hostname="INLF6DLLH2" name="com.tdm.qa.testcases.OwnDataPageTest" tests="1" failures="0" timestamp="3 Oct 2019 12:51:43 GMT" time="151.329" errors="0">
  <testcase name="fillOwnData" time="151.329" classname="com.tdm.qa.testcases.OwnDataPageTest"/>
</testsuite> <!-- com.tdm.qa.testcases.OwnDataPageTest -->
