<?xml version="1.0" encoding="UTF-8"?>
<!-- Generated by org.testng.reporters.JUnitReportReporter -->
<testsuite hostname="INLF6DLLH2" name="com.tdm.qa.testcases.SavedQueryPageTest" tests="6" failures="0" timestamp="10 Oct 2019 12:23:46 GMT" time="584.488" errors="0">
  <testcase name="saveAsQuery" time="143.802" classname="com.tdm.qa.testcases.SavedQueryPageTest"/>
  <testcase name="saveQuery" time="112.743" classname="com.tdm.qa.testcases.SavedQueryPageTest"/>
  <testcase name="verifySavedQueryPage" time="58.460" classname="com.tdm.qa.testcases.SavedQueryPageTest"/>
  <testcase name="verifyApplySearch" time="83.308" classname="com.tdm.qa.testcases.SavedQueryPageTest"/>
  <testcase name="clickOnReset" time="99.480" classname="com.tdm.qa.testcases.SavedQueryPageTest"/>
  <testcase name="deleteQuery" time="86.695" classname="com.tdm.qa.testcases.SavedQueryPageTest"/>
</testsuite> <!-- com.tdm.qa.testcases.SavedQueryPageTest -->
