<?xml version="1.0" encoding="UTF-8"?>
<!-- Generated by org.testng.reporters.JUnitReportReporter -->
<testsuite hostname="INLF6DLLH2" name="com.tdm.qa.testcases.AdvSearchPageTest" tests="3" failures="0" timestamp="21 Oct 2019 07:27:42 GMT" time="687.104" errors="0">
  <testcase name="resetQuery" time="223.395" classname="com.tdm.qa.testcases.AdvSearchPageTest"/>
  <testcase name="applySearch" time="227.836" classname="com.tdm.qa.testcases.AdvSearchPageTest"/>
  <testcase name="saveQuery" time="235.873" classname="com.tdm.qa.testcases.AdvSearchPageTest"/>
</testsuite> <!-- com.tdm.qa.testcases.AdvSearchPageTest -->
