<?xml version="1.0" encoding="UTF-8"?>
<!-- Generated by org.testng.reporters.JUnitReportReporter -->
<testsuite hostname="INLF6DLLH2" name="com.tdm.qa.testcases.NearMePageTest" tests="1" failures="0" timestamp="7 Oct 2019 07:09:04 GMT" time="89.305" errors="0">
  <testcase name="validateNavigationOption" time="89.305" classname="com.tdm.qa.testcases.NearMePageTest"/>
</testsuite> <!-- com.tdm.qa.testcases.NearMePageTest -->
