<?xml version="1.0" encoding="UTF-8"?>
<!-- Generated by org.testng.reporters.JUnitReportReporter -->
<testsuite hostname="INLF6DLLH2" name="com.tdm.qa.testcases.SettingsPageTest" tests="1" failures="0" timestamp="10 Oct 2019 12:23:46 GMT" time="90.989" errors="0">
  <testcase name="resetLegend" time="90.989" classname="com.tdm.qa.testcases.SettingsPageTest"/>
</testsuite> <!-- com.tdm.qa.testcases.SettingsPageTest -->
