<?xml version="1.0" encoding="UTF-8"?>
<!-- Generated by org.testng.reporters.JUnitReportReporter -->
<testsuite hostname="INLF6DLLH2" name="com.tdm.qa.testcases.AdvSearchPageTest" tests="3" failures="0" timestamp="7 Oct 2019 08:28:15 GMT" time="744.460" errors="0">
  <testcase name="saveQuery" time="253.810" classname="com.tdm.qa.testcases.AdvSearchPageTest"/>
  <testcase name="addField" time="225.034" classname="com.tdm.qa.testcases.AdvSearchPageTest"/>
  <testcase name="resetQuery" time="265.616" classname="com.tdm.qa.testcases.AdvSearchPageTest"/>
</testsuite> <!-- com.tdm.qa.testcases.AdvSearchPageTest -->
