<?xml version="1.0" encoding="UTF-8"?>
<!-- Generated by org.testng.reporters.JUnitReportReporter -->
<testsuite hostname="INLF6DLLH2" name="com.tdm.qa.testcases.AddNotifPageTest" tests="1" failures="0" timestamp="9 Oct 2019 06:01:53 GMT" time="237.407" errors="0">
  <testcase name="addNotification" time="237.407" classname="com.tdm.qa.testcases.AddNotifPageTest"/>
</testsuite> <!-- com.tdm.qa.testcases.AddNotifPageTest -->
