<?xml version="1.0" encoding="UTF-8"?>
<!-- Generated by org.testng.reporters.JUnitReportReporter -->
<testsuite hostname="INLF6DLLH2" name="com.tdm.qa.testcases.OfflineDataPageTest" tests="1" failures="0" timestamp="3 Sep 2019 08:43:59 GMT" time="4.479" errors="0">
  <testcase name="verifyOfflineDataPage" time="4.479" classname="com.tdm.qa.testcases.OfflineDataPageTest"/>
</testsuite> <!-- com.tdm.qa.testcases.OfflineDataPageTest -->
