<?xml version="1.0" encoding="UTF-8"?>
<!-- Generated by org.testng.reporters.JUnitReportReporter -->
<testsuite hostname="INLF6DLLH2" name="com.tdm.qa.testcases.LoginPageTest" tests="1" failures="0" timestamp="15 Oct 2019 11:27:54 GMT" time="56.682" errors="0">
  <testcase name="loginTest" time="56.682" classname="com.tdm.qa.testcases.LoginPageTest"/>
</testsuite> <!-- com.tdm.qa.testcases.LoginPageTest -->
