<?xml version="1.0" encoding="UTF-8"?>
<!-- Generated by org.testng.reporters.JUnitReportReporter -->
<testsuite hostname="INLF6DLLH2" name="com.tdm.qa.testcases.HomePageTest" tests="3" failures="0" timestamp="9 Oct 2019 10:48:36 GMT" time="259.119" errors="0">
  <testcase name="validateGoogleSearch" time="103.876" classname="com.tdm.qa.testcases.HomePageTest"/>
  <testcase name="validateNielsenSearch" time="92.436" classname="com.tdm.qa.testcases.HomePageTest"/>
  <testcase name="verifyHomePage" time="62.807" classname="com.tdm.qa.testcases.HomePageTest"/>
</testsuite> <!-- com.tdm.qa.testcases.HomePageTest -->
