<?xml version="1.0" encoding="UTF-8"?>
<!-- Generated by org.testng.reporters.JUnitReportReporter -->
<testsuite hostname="INLF6DLLH2" name="com.tdm.qa.testcases.SettingsEditPageTest" tests="1" failures="0" timestamp="9 Oct 2019 10:48:36 GMT" time="120.678" errors="0">
  <testcase name="selectReset" time="120.678" classname="com.tdm.qa.testcases.SettingsEditPageTest"/>
</testsuite> <!-- com.tdm.qa.testcases.SettingsEditPageTest -->
