<?xml version="1.0" encoding="UTF-8"?>
<!-- Generated by org.testng.reporters.JUnitReportReporter -->
<testsuite hostname="INLF6DLLH2" name="test.Login" tests="1" failures="0" timestamp="6 Aug 2019 09:16:47 GMT" time="36.425" errors="0">
  <testcase name="signIn" time="36.425" classname="test.Login"/>
</testsuite> <!-- test.Login -->
