<?xml version="1.0" encoding="UTF-8"?>
<!-- Generated by org.testng.reporters.JUnitReportReporter -->
<testsuite hostname="INLF6DLLH2" name="com.tdm.qa.testcases.SelectFieldPageTest" tests="2" failures="0" timestamp="10 Oct 2019 12:23:46 GMT" time="223.186" errors="0">
  <testcase name="setLegendAndSettingsPage" time="87.988" classname="com.tdm.qa.testcases.SelectFieldPageTest"/>
  <testcase name="selectFieldAndHomePage" time="135.198" classname="com.tdm.qa.testcases.SelectFieldPageTest"/>
</testsuite> <!-- com.tdm.qa.testcases.SelectFieldPageTest -->
