<?xml version="1.0" encoding="UTF-8"?>
<!-- Generated by org.testng.reporters.JUnitReportReporter -->
<testsuite hostname="INLF6DLLH2" name="com.tdm.qa.testcases.CheckInHistoryPageTest" tests="1" failures="0" timestamp="21 Oct 2019 07:27:42 GMT" time="125.181" errors="0">
  <testcase name="verifyCheckInHist" time="125.181" classname="com.tdm.qa.testcases.CheckInHistoryPageTest"/>
</testsuite> <!-- com.tdm.qa.testcases.CheckInHistoryPageTest -->
