<?xml version="1.0" encoding="UTF-8"?>
<!-- Generated by org.testng.reporters.JUnitReportReporter -->
<testsuite hostname="INLF6DLLH2" name="com.tdm.qa.testcases.AdvSearchPageTest" tests="3" failures="0" timestamp="3 Oct 2019 07:28:34 GMT" time="710.151" errors="0">
  <testcase name="resetQuery" time="225.785" classname="com.tdm.qa.testcases.AdvSearchPageTest"/>
  <testcase name="addField" time="241.998" classname="com.tdm.qa.testcases.AdvSearchPageTest"/>
  <testcase name="saveQuery" time="242.368" classname="com.tdm.qa.testcases.AdvSearchPageTest"/>
</testsuite> <!-- com.tdm.qa.testcases.AdvSearchPageTest -->
