<?xml version="1.0" encoding="UTF-8"?>
<!-- Generated by org.testng.reporters.JUnitReportReporter -->
<testsuite hostname="INLF6DLLH2" name="com.tdm.qa.testcases.ResultListPageTest" tests="1" failures="0" timestamp="3 Sep 2019 08:36:01 GMT" time="62.687" errors="0">
  <testcase name="downloadOfflineData" time="62.687" classname="com.tdm.qa.testcases.ResultListPageTest"/>
</testsuite> <!-- com.tdm.qa.testcases.ResultListPageTest -->
