<?xml version="1.0" encoding="UTF-8"?>
<!-- Generated by org.testng.reporters.JUnitReportReporter -->
<testsuite hostname="INLF6DLLH2" name="com.tdm.qa.testcases.HierarchiesPageTest" tests="1" failures="0" timestamp="3 Oct 2019 08:43:34 GMT" time="186.847" errors="0">
  <testcase name="selectStoreAcc" time="186.847" classname="com.tdm.qa.testcases.HierarchiesPageTest"/>
</testsuite> <!-- com.tdm.qa.testcases.HierarchiesPageTest -->
