<?xml version="1.0" encoding="UTF-8"?>
<!-- Generated by org.testng.reporters.JUnitReportReporter -->
<testsuite hostname="INLF6DLLH2" name="com.tdm.qa.testcases.AddNotifPageTest" tests="1" failures="0" timestamp="3 Oct 2019 06:15:13 GMT" time="228.507" errors="0">
  <testcase name="addNotification" time="228.507" classname="com.tdm.qa.testcases.AddNotifPageTest"/>
</testsuite> <!-- com.tdm.qa.testcases.AddNotifPageTest -->
