<?xml version="1.0" encoding="UTF-8"?>
<!-- Generated by org.testng.reporters.JUnitReportReporter -->
<testsuite hostname="INLF6DLLH2" name="com.tdm.qa.testcases.SavedQueryPageTest" tests="6" failures="0" timestamp="9 Oct 2019 10:48:36 GMT" time="607.270" errors="0">
  <testcase name="saveQuery" time="119.955" classname="com.tdm.qa.testcases.SavedQueryPageTest"/>
  <testcase name="verifySavedQueryPage" time="64.496" classname="com.tdm.qa.testcases.SavedQueryPageTest"/>
  <testcase name="clickOnReset" time="100.392" classname="com.tdm.qa.testcases.SavedQueryPageTest"/>
  <testcase name="saveAsQuery" time="157.375" classname="com.tdm.qa.testcases.SavedQueryPageTest"/>
  <testcase name="verifyApplySearch" time="88.065" classname="com.tdm.qa.testcases.SavedQueryPageTest"/>
  <testcase name="deleteQuery" time="76.987" classname="com.tdm.qa.testcases.SavedQueryPageTest"/>
</testsuite> <!-- com.tdm.qa.testcases.SavedQueryPageTest -->
