<?xml version="1.0" encoding="UTF-8"?>
<!-- Generated by org.testng.reporters.JUnitReportReporter -->
<testsuite hostname="INLF6DLLH2" name="com.tdm.qa.testcases.MoreOptionPageTest" tests="1" failures="0" timestamp="7 Oct 2019 07:09:04 GMT" time="63.491" errors="0">
  <testcase name="verifyMoreOptionpopup" time="63.491" classname="com.tdm.qa.testcases.MoreOptionPageTest"/>
</testsuite> <!-- com.tdm.qa.testcases.MoreOptionPageTest -->
