<?xml version="1.0" encoding="UTF-8"?>
<!-- Generated by org.testng.reporters.JUnitReportReporter -->
<testsuite hostname="INLF6DLLH2" name="com.tdm.qa.testcases.MissingStorePageTest" tests="1" failures="0" timestamp="3 Oct 2019 09:56:31 GMT" time="176.359" errors="0">
  <testcase name="enterMissigStoreDetails" time="176.359" classname="com.tdm.qa.testcases.MissingStorePageTest"/>
</testsuite> <!-- com.tdm.qa.testcases.MissingStorePageTest -->
