<?xml version="1.0" encoding="UTF-8"?>
<!-- Generated by org.testng.reporters.JUnitReportReporter -->
<testsuite hostname="INLF6DLLH2" name="com.tdm.qa.testcases.SignOutPageTest" tests="2" failures="0" timestamp="10 Oct 2019 12:23:46 GMT" time="122.707" errors="0">
  <testcase name="signOutNoOption" time="60.451" classname="com.tdm.qa.testcases.SignOutPageTest"/>
  <testcase name="signOutYesOption" time="62.256" classname="com.tdm.qa.testcases.SignOutPageTest"/>
</testsuite> <!-- com.tdm.qa.testcases.SignOutPageTest -->
