<?xml version="1.0" encoding="UTF-8"?>
<!-- Generated by org.testng.reporters.JUnitReportReporter -->
<testsuite hostname="INLF6DLLH2" name="com.tdm.qa.testcases.NotificationsPageTest" tests="1" failures="0" timestamp="9 Oct 2019 10:48:36 GMT" time="74.977" errors="0">
  <testcase name="missingStore" time="74.977" classname="com.tdm.qa.testcases.NotificationsPageTest"/>
</testsuite> <!-- com.tdm.qa.testcases.NotificationsPageTest -->
