<?xml version="1.0" encoding="UTF-8"?>
<!-- Generated by org.testng.reporters.JUnitReportReporter -->
<testsuite hostname="INLF6DLLH2" name="com.tdm.qa.testcases.MissingStorePageTest" tests="1" failures="0" timestamp="10 Oct 2019 12:23:46 GMT" time="172.805" errors="0">
  <testcase name="enterMissigStoreDetails" time="172.805" classname="com.tdm.qa.testcases.MissingStorePageTest"/>
</testsuite> <!-- com.tdm.qa.testcases.MissingStorePageTest -->
