<?xml version="1.0" encoding="UTF-8"?>
<!-- Generated by org.testng.reporters.JUnitReportReporter -->
<testsuite hostname="INLF6DLLH2" name="com.tdm.qa.testcases.MoreOptionPageTest" tests="1" failures="0" timestamp="3 Sep 2019 08:33:09 GMT" time="61.131" errors="0">
  <testcase name="verifyMoreOptionpopup" time="61.131" classname="com.tdm.qa.testcases.MoreOptionPageTest"/>
</testsuite> <!-- com.tdm.qa.testcases.MoreOptionPageTest -->
