<?xml version="1.0" encoding="UTF-8"?>
<!-- Generated by org.testng.reporters.JUnitReportReporter -->
<testsuite hostname="INLF6DLLH2" name="com.tdm.qa.testcases.HierarchiesPageTest" tests="1" failures="0" timestamp="10 Oct 2019 12:23:46 GMT" time="251.670" errors="0">
  <testcase name="selectStoreAcc" time="251.670" classname="com.tdm.qa.testcases.HierarchiesPageTest"/>
</testsuite> <!-- com.tdm.qa.testcases.HierarchiesPageTest -->
