<?xml version="1.0" encoding="UTF-8"?>
<!-- Generated by org.testng.reporters.JUnitReportReporter -->
<testsuite hostname="INLF6DLLH2" name="com.tdm.qa.testcases.ResultListPageTest" tests="2" failures="0" timestamp="3 Oct 2019 13:18:53 GMT" time="196.324" errors="0">
  <testcase name="verifyResultList" time="65.179" classname="com.tdm.qa.testcases.ResultListPageTest"/>
  <testcase name="downloadOfflineData" time="131.145" classname="com.tdm.qa.testcases.ResultListPageTest"/>
</testsuite> <!-- com.tdm.qa.testcases.ResultListPageTest -->
