<?xml version="1.0" encoding="UTF-8"?>
<!-- Generated by org.testng.reporters.JUnitReportReporter -->
<testsuite hostname="INLF6DLLH2" name="com.tdm.qa.testcases.MissingStorePageTest" tests="1" failures="0" timestamp="26 Aug 2019 13:04:27 GMT" time="89.514" errors="0">
  <testcase name="enterMissigStoreDetails" time="89.514" classname="com.tdm.qa.testcases.MissingStorePageTest"/>
</testsuite> <!-- com.tdm.qa.testcases.MissingStorePageTest -->
