<?xml version="1.0" encoding="UTF-8"?>
<!-- Generated by org.testng.reporters.JUnitReportReporter -->
<testsuite hostname="INLF6DLLH2" name="com.tdm.qa.testcases.HomePageTest" tests="3" failures="0" timestamp="3 Oct 2019 08:50:18 GMT" time="262.411" errors="0">
  <testcase name="verifyHomePage" time="60.913" classname="com.tdm.qa.testcases.HomePageTest"/>
  <testcase name="validateGoogleSearch" time="103.320" classname="com.tdm.qa.testcases.HomePageTest"/>
  <testcase name="validateNielsenSearch" time="98.178" classname="com.tdm.qa.testcases.HomePageTest"/>
</testsuite> <!-- com.tdm.qa.testcases.HomePageTest -->
