<?xml version="1.0" encoding="UTF-8"?>
<!-- Generated by org.testng.reporters.JUnitReportReporter -->
<testsuite hostname="INLF6DLLH2" name="test.LoginPageTest" tests="1" failures="0" timestamp="8 Aug 2019 10:39:22 GMT" time="57.209" errors="0">
  <testcase name="loginTest" time="57.209" classname="test.LoginPageTest"/>
</testsuite> <!-- test.LoginPageTest -->
