<?xml version="1.0" encoding="UTF-8"?>
<!-- Generated by org.testng.reporters.JUnitReportReporter -->
<testsuite hostname="INLF6DLLH2" name="com.tdm.qa.testcases.OfflineDataPageTest" tests="1" failures="0" timestamp="10 Oct 2019 12:23:46 GMT" time="125.873" errors="0">
  <testcase name="downloadOfflineData" time="125.873" classname="com.tdm.qa.testcases.OfflineDataPageTest"/>
</testsuite> <!-- com.tdm.qa.testcases.OfflineDataPageTest -->
