<?xml version="1.0" encoding="UTF-8"?>
<!-- Generated by org.testng.reporters.JUnitReportReporter -->
<testsuite hostname="INLF6DLLH2" name="com.tdm.qa.testcases.StoreDetailsPageTest" tests="2" failures="0" timestamp="4 Oct 2019 07:01:26 GMT" time="143.402" errors="0">
  <testcase name="verifyStoreHierarchy" time="71.006" classname="com.tdm.qa.testcases.StoreDetailsPageTest"/>
  <testcase name="clickOnStoreMoreOpt" time="72.396" classname="com.tdm.qa.testcases.StoreDetailsPageTest"/>
</testsuite> <!-- com.tdm.qa.testcases.StoreDetailsPageTest -->
