<?xml version="1.0" encoding="UTF-8"?>
<!-- Generated by org.testng.reporters.JUnitReportReporter -->
<testsuite hostname="INLF6DLLH2" name="com.tdm.qa.testcases.HomePageTest" tests="3" failures="0" timestamp="21 Oct 2019 07:27:42 GMT" time="253.981" errors="0">
  <testcase name="validateNielsenSearch" time="84.536" classname="com.tdm.qa.testcases.HomePageTest"/>
  <testcase name="verifyHomePage" time="70.380" classname="com.tdm.qa.testcases.HomePageTest"/>
  <testcase name="validateGoogleSearch" time="99.065" classname="com.tdm.qa.testcases.HomePageTest"/>
</testsuite> <!-- com.tdm.qa.testcases.HomePageTest -->
