<?xml version="1.0" encoding="UTF-8"?>
<!-- Generated by org.testng.reporters.JUnitReportReporter -->
<testsuite hostname="INLF6DLLH2" name="test.BaseClass" tests="1" failures="0" timestamp="5 Aug 2019 10:48:16 GMT" time="0.008" errors="0">
  <testcase name="sampleTest" time="0.008" classname="test.BaseClass"/>
</testsuite> <!-- test.BaseClass -->
