<?xml version="1.0" encoding="UTF-8"?>
<!-- Generated by org.testng.reporters.JUnitReportReporter -->
<testsuite hostname="INLF6DLLH2" name="com.tdm.qa.testcases.HomePageTest" tests="3" failures="0" timestamp="3 Sep 2019 06:47:36 GMT" time="242.026" errors="0">
  <testcase name="validateNielsenSearch" time="85.699" classname="com.tdm.qa.testcases.HomePageTest"/>
  <testcase name="validateGoogleSearch" time="88.597" classname="com.tdm.qa.testcases.HomePageTest"/>
  <testcase name="verifyHomePage" time="67.730" classname="com.tdm.qa.testcases.HomePageTest"/>
</testsuite> <!-- com.tdm.qa.testcases.HomePageTest -->
