<?xml version="1.0" encoding="UTF-8"?>
<!-- Generated by org.testng.reporters.JUnitReportReporter -->
<testsuite hostname="INLF6DLLH2" name="com.tdm.qa.testcases.OfflineDataPageTest" tests="1" failures="0" timestamp="22 Oct 2019 09:34:20 GMT" time="136.402" errors="0">
  <testcase name="downloadOfflineData" time="136.402" classname="com.tdm.qa.testcases.OfflineDataPageTest"/>
</testsuite> <!-- com.tdm.qa.testcases.OfflineDataPageTest -->
