<?xml version="1.0" encoding="UTF-8"?>
<!-- Generated by org.testng.reporters.JUnitReportReporter -->
<testsuite hostname="INLF6DLLH2" name="test.HomePageTest" tests="1" failures="0" timestamp="8 Aug 2019 12:05:26 GMT" time="82.358" errors="0">
  <testcase name="validateNearMeTest" time="82.358" classname="test.HomePageTest"/>
</testsuite> <!-- test.HomePageTest -->
