<?xml version="1.0" encoding="UTF-8"?>
<!-- Generated by org.testng.reporters.JUnitReportReporter -->
<testsuite hostname="INLF6DLLH2" name="com.tdm.qa.testcases.SettingsEditPageTest" tests="1" failures="0" timestamp="4 Oct 2019 06:50:51 GMT" time="114.364" errors="0">
  <testcase name="selectReset" time="114.364" classname="com.tdm.qa.testcases.SettingsEditPageTest"/>
</testsuite> <!-- com.tdm.qa.testcases.SettingsEditPageTest -->
