<?xml version="1.0" encoding="UTF-8"?>
<!-- Generated by org.testng.reporters.JUnitReportReporter -->
<testsuite hostname="INLF6DLLH2" name="com.tdm.qa.testcases.CheckInPageTest" tests="1" failures="0" timestamp="9 Oct 2019 10:48:36 GMT" time="136.506" errors="0">
  <testcase name="checkInComm" time="136.506" classname="com.tdm.qa.testcases.CheckInPageTest"/>
</testsuite> <!-- com.tdm.qa.testcases.CheckInPageTest -->
