<?xml version="1.0" encoding="UTF-8"?>
<!-- Generated by org.testng.reporters.JUnitReportReporter -->
<testsuite hostname="INLF6DLLH2" name="com.tdm.qa.testcases.CheckInPageTest" tests="1" failures="0" timestamp="21 Oct 2019 07:27:42 GMT" time="156.583" errors="0">
  <testcase name="checkInComm" time="156.583" classname="com.tdm.qa.testcases.CheckInPageTest"/>
</testsuite> <!-- com.tdm.qa.testcases.CheckInPageTest -->
