<?xml version="1.0" encoding="UTF-8"?>
<!-- Generated by org.testng.reporters.JUnitReportReporter -->
<testsuite hostname="INLF6DLLH2" name="com.tdm.qa.testcases.AboutPageTest" tests="1" failures="0" timestamp="18 Oct 2019 11:05:48 GMT" time="63.729" errors="0">
  <testcase name="validateAboutPage" time="63.729" classname="com.tdm.qa.testcases.AboutPageTest"/>
</testsuite> <!-- com.tdm.qa.testcases.AboutPageTest -->
