<?xml version="1.0" encoding="UTF-8"?>
<!-- Generated by org.testng.reporters.JUnitReportReporter -->
<testsuite hostname="INLF6DLLH2" name="com.tdm.qa.testcases.SavedQueryPageTest" tests="1" failures="0" timestamp="24 Sep 2019 13:15:18 GMT" time="119.047" errors="0">
  <testcase name="saveQuery" time="119.047" classname="com.tdm.qa.testcases.SavedQueryPageTest"/>
</testsuite> <!-- com.tdm.qa.testcases.SavedQueryPageTest -->
