<?xml version="1.0" encoding="UTF-8"?>
<!-- Generated by org.testng.reporters.JUnitReportReporter -->
<testsuite hostname="INLF6DLLH2" name="com.tdm.qa.testcases.LoginPageTest" tests="1" failures="0" timestamp="10 Oct 2019 12:23:46 GMT" time="60.242" errors="0">
  <testcase name="loginTest" time="60.242" classname="com.tdm.qa.testcases.LoginPageTest"/>
</testsuite> <!-- com.tdm.qa.testcases.LoginPageTest -->
