<?xml version="1.0" encoding="UTF-8"?>
<!-- Generated by org.testng.reporters.JUnitReportReporter -->
<testsuite hostname="INLF6DLLH2" name="com.tdm.qa.testcases.PrevCheckinPageTest" tests="1" failures="0" timestamp="3 Oct 2019 13:11:03 GMT" time="71.965" errors="0">
  <testcase name="validatePrevCheckin" time="71.965" classname="com.tdm.qa.testcases.PrevCheckinPageTest"/>
</testsuite> <!-- com.tdm.qa.testcases.PrevCheckinPageTest -->
