<?xml version="1.0" encoding="UTF-8"?>
<!-- Generated by org.testng.reporters.JUnitReportReporter -->
<testsuite hostname="INLF6DLLH2" name="com.tdm.qa.testcases.NotificationsPageTest" tests="1" failures="0" timestamp="3 Oct 2019 10:53:19 GMT" time="74.671" errors="0">
  <testcase name="missingStore" time="74.671" classname="com.tdm.qa.testcases.NotificationsPageTest"/>
</testsuite> <!-- com.tdm.qa.testcases.NotificationsPageTest -->
