<?xml version="1.0" encoding="UTF-8"?>
<!-- Generated by org.testng.reporters.JUnitReportReporter -->
<testsuite hostname="INLF6DLLH2" name="com.tdm.qa.testcases.ResultListPageTest" tests="2" failures="0" timestamp="7 Oct 2019 07:09:04 GMT" time="205.434" errors="0">
  <testcase name="downloadOfflineData" time="131.410" classname="com.tdm.qa.testcases.ResultListPageTest"/>
  <testcase name="verifyResultList" time="74.024" classname="com.tdm.qa.testcases.ResultListPageTest"/>
</testsuite> <!-- com.tdm.qa.testcases.ResultListPageTest -->
