<?xml version="1.0" encoding="UTF-8"?>
<!-- Generated by org.testng.reporters.JUnitReportReporter -->
<testsuite hostname="INLF6DLLH2" name="com.tdm.qa.testcases.OwnDataPageTest" tests="1" failures="0" timestamp="28 Aug 2019 09:32:00 GMT" time="156.213" errors="0">
  <testcase name="fillOwnData" time="156.213" classname="com.tdm.qa.testcases.OwnDataPageTest"/>
</testsuite> <!-- com.tdm.qa.testcases.OwnDataPageTest -->
