<?xml version="1.0" encoding="UTF-8"?>
<!-- Generated by org.testng.reporters.JUnitReportReporter -->
<testsuite hostname="INLF6DLLH2" name="com.tdm.qa.testcases.PrevCheckinPageTest" tests="1" failures="0" timestamp="3 Sep 2019 07:23:37 GMT" time="64.890" errors="0">
  <testcase name="validatePrevCheckin" time="64.890" classname="com.tdm.qa.testcases.PrevCheckinPageTest"/>
</testsuite> <!-- com.tdm.qa.testcases.PrevCheckinPageTest -->
