<?xml version="1.0" encoding="UTF-8"?>
<!-- Generated by org.testng.reporters.JUnitReportReporter -->
<testsuite hostname="INLF6DLLH2" name="com.tdm.qa.testcases.CheckInPageTest" tests="1" failures="0" timestamp="3 Sep 2019 05:57:37 GMT" time="142.311" errors="0">
  <testcase name="checkInComm" time="142.311" classname="com.tdm.qa.testcases.CheckInPageTest"/>
</testsuite> <!-- com.tdm.qa.testcases.CheckInPageTest -->
