<?xml version="1.0" encoding="UTF-8"?>
<!-- Generated by org.testng.reporters.JUnitReportReporter -->
<testsuite hostname="INLF6DLLH2" name="com.tdm.qa.testcases.HomePageTest" tests="3" failures="0" timestamp="7 Oct 2019 09:12:51 GMT" time="240.355" errors="0">
  <testcase name="verifyHomePage" time="61.284" classname="com.tdm.qa.testcases.HomePageTest"/>
  <testcase name="validateNielsenSearch" time="89.060" classname="com.tdm.qa.testcases.HomePageTest"/>
  <testcase name="validateGoogleSearch" time="90.011" classname="com.tdm.qa.testcases.HomePageTest"/>
</testsuite> <!-- com.tdm.qa.testcases.HomePageTest -->
