<?xml version="1.0" encoding="UTF-8"?>
<!-- Generated by org.testng.reporters.JUnitReportReporter -->
<testsuite hostname="INLF6DLLH2" name="com.tdm.qa.testcases.SelectFieldPageTest" tests="2" failures="0" timestamp="3 Sep 2019 08:53:16 GMT" time="196.052" errors="0">
  <testcase name="selectFieldAndHomePage" time="114.307" classname="com.tdm.qa.testcases.SelectFieldPageTest"/>
  <testcase name="setLegendAndSettingsPage" time="81.745" classname="com.tdm.qa.testcases.SelectFieldPageTest"/>
</testsuite> <!-- com.tdm.qa.testcases.SelectFieldPageTest -->
