<?xml version="1.0" encoding="UTF-8"?>
<!-- Generated by org.testng.reporters.JUnitReportReporter -->
<testsuite hostname="INLF6DLLH2" name="com.tdm.qa.testcases.AddNotifPageTest" tests="1" failures="0" timestamp="5 Sep 2019 06:46:24 GMT" time="188.501" errors="0">
  <testcase name="addNotification" time="188.501" classname="com.tdm.qa.testcases.AddNotifPageTest"/>
</testsuite> <!-- com.tdm.qa.testcases.AddNotifPageTest -->
