<?xml version="1.0" encoding="UTF-8"?>
<!-- Generated by org.testng.reporters.JUnitReportReporter -->
<testsuite hostname="INLF6DLLH2" name="com.tdm.qa.testcases.SignOutPageTest" tests="2" failures="0" timestamp="4 Oct 2019 06:58:33 GMT" time="130.820" errors="0">
  <testcase name="signOutYesOption" time="65.396" classname="com.tdm.qa.testcases.SignOutPageTest"/>
  <testcase name="signOutNoOption" time="65.424" classname="com.tdm.qa.testcases.SignOutPageTest"/>
</testsuite> <!-- com.tdm.qa.testcases.SignOutPageTest -->
