<?xml version="1.0" encoding="UTF-8"?>
<!-- Generated by org.testng.reporters.JUnitReportReporter -->
<testsuite hostname="INLF6DLLH2" name="com.tdm.qa.testcases.HomePageTest" tests="3" failures="0" timestamp="15 Oct 2019 06:59:22 GMT" time="233.376" errors="0">
  <testcase name="verifyHomePage" time="57.531" classname="com.tdm.qa.testcases.HomePageTest"/>
  <testcase name="validateGoogleSearch" time="88.239" classname="com.tdm.qa.testcases.HomePageTest"/>
  <testcase name="validateNielsenSearch" time="87.606" classname="com.tdm.qa.testcases.HomePageTest"/>
</testsuite> <!-- com.tdm.qa.testcases.HomePageTest -->
