<?xml version="1.0" encoding="UTF-8"?>
<!-- Generated by org.testng.reporters.JUnitReportReporter -->
<testsuite hostname="INLF6DLLH2" name="com.tdm.qa.testcases.MissingStorePageTest" tests="1" failures="0" timestamp="15 Oct 2019 06:59:22 GMT" time="165.446" errors="0">
  <testcase name="enterMissigStoreDetails" time="165.446" classname="com.tdm.qa.testcases.MissingStorePageTest"/>
</testsuite> <!-- com.tdm.qa.testcases.MissingStorePageTest -->
