<?xml version="1.0" encoding="UTF-8"?>
<!-- Generated by org.testng.reporters.JUnitReportReporter -->
<testsuite hostname="INLF6DLLH2" name="com.tdm.qa.testcases.SavedQueryPageTest" tests="6" failures="0" timestamp="15 Oct 2019 06:59:22 GMT" time="570.035" errors="0">
  <testcase name="deleteQuery" time="75.752" classname="com.tdm.qa.testcases.SavedQueryPageTest"/>
  <testcase name="verifyApplySearch" time="82.215" classname="com.tdm.qa.testcases.SavedQueryPageTest"/>
  <testcase name="saveQuery" time="111.070" classname="com.tdm.qa.testcases.SavedQueryPageTest"/>
  <testcase name="saveAsQuery" time="148.163" classname="com.tdm.qa.testcases.SavedQueryPageTest"/>
  <testcase name="clickOnReset" time="92.818" classname="com.tdm.qa.testcases.SavedQueryPageTest"/>
  <testcase name="verifySavedQueryPage" time="60.017" classname="com.tdm.qa.testcases.SavedQueryPageTest"/>
</testsuite> <!-- com.tdm.qa.testcases.SavedQueryPageTest -->
