<?xml version="1.0" encoding="UTF-8"?>
<!-- Generated by org.testng.reporters.JUnitReportReporter -->
<testsuite hostname="INLF6DLLH2" name="com.tdm.qa.testcases.SettingsEditPageTest" tests="1" failures="0" timestamp="15 Oct 2019 06:59:22 GMT" time="106.105" errors="0">
  <testcase name="selectReset" time="106.105" classname="com.tdm.qa.testcases.SettingsEditPageTest"/>
</testsuite> <!-- com.tdm.qa.testcases.SettingsEditPageTest -->
