<?xml version="1.0" encoding="UTF-8"?>
<!-- Generated by org.testng.reporters.JUnitReportReporter -->
<testsuite hostname="INLF6DLLH2" name="com.tdm.qa.testcases.CheckInHistoryPageTest" tests="1" failures="0" timestamp="15 Oct 2019 06:59:22 GMT" time="115.600" errors="0">
  <testcase name="verifyCheckInHist" time="115.600" classname="com.tdm.qa.testcases.CheckInHistoryPageTest"/>
</testsuite> <!-- com.tdm.qa.testcases.CheckInHistoryPageTest -->
