<?xml version="1.0" encoding="UTF-8"?>
<!-- Generated by org.testng.reporters.JUnitReportReporter -->
<testsuite hostname="INLF6DLLH2" name="com.tdm.qa.testcases.OfflineDataPageTest" tests="1" failures="0" timestamp="15 Oct 2019 06:59:22 GMT" time="124.287" errors="0">
  <testcase name="downloadOfflineData" time="124.287" classname="com.tdm.qa.testcases.OfflineDataPageTest"/>
</testsuite> <!-- com.tdm.qa.testcases.OfflineDataPageTest -->
