<?xml version="1.0" encoding="UTF-8"?>
<!-- Generated by org.testng.reporters.JUnitReportReporter -->
<testsuite hostname="INLF6DLLH2" name="com.tdm.qa.testcases.StoreMoreOptPageTest" tests="1" failures="0" timestamp="15 Oct 2019 06:59:22 GMT" time="67.849" errors="0">
  <testcase name="clickOnMoreOpt" time="67.849" classname="com.tdm.qa.testcases.StoreMoreOptPageTest"/>
</testsuite> <!-- com.tdm.qa.testcases.StoreMoreOptPageTest -->
