<?xml version="1.0" encoding="UTF-8"?>
<!-- Generated by org.testng.reporters.JUnitReportReporter -->
<testsuite hostname="INLF6DLLH2" name="com.tdm.qa.testcases.SignOutPageTest" tests="2" failures="0" timestamp="15 Oct 2019 06:59:22 GMT" time="123.161" errors="0">
  <testcase name="signOutYesOption" time="61.920" classname="com.tdm.qa.testcases.SignOutPageTest"/>
  <testcase name="signOutNoOption" time="61.241" classname="com.tdm.qa.testcases.SignOutPageTest"/>
</testsuite> <!-- com.tdm.qa.testcases.SignOutPageTest -->
