<?xml version="1.0" encoding="UTF-8"?>
<!-- Generated by org.testng.reporters.JUnitReportReporter -->
<testsuite hostname="INLF6DLLH2" name="com.tdm.qa.testcases.AboutPageTest" tests="1" failures="0" timestamp="15 Oct 2019 06:59:22 GMT" time="62.309" errors="0">
  <testcase name="validateAboutPage" time="62.309" classname="com.tdm.qa.testcases.AboutPageTest"/>
</testsuite> <!-- com.tdm.qa.testcases.AboutPageTest -->
