<?xml version="1.0" encoding="UTF-8"?>
<!-- Generated by org.testng.reporters.JUnitReportReporter -->
<testsuite hostname="INLF6DLLH2" name="com.tdm.qa.testcases.NearMePageTest" tests="1" failures="0" timestamp="15 Oct 2019 06:59:22 GMT" time="115.657" errors="0">
  <testcase name="validateNavigationOption" time="115.657" classname="com.tdm.qa.testcases.NearMePageTest"/>
</testsuite> <!-- com.tdm.qa.testcases.NearMePageTest -->
