<?xml version="1.0" encoding="UTF-8"?>
<!-- Generated by org.testng.reporters.JUnitReportReporter -->
<testsuite hostname="INLF6DLLH2" name="com.tdm.qa.testcases.SelectFieldPageTest" tests="2" failures="0" timestamp="15 Oct 2019 06:59:22 GMT" time="209.429" errors="0">
  <testcase name="setLegendAndSettingsPage" time="80.141" classname="com.tdm.qa.testcases.SelectFieldPageTest"/>
  <testcase name="selectFieldAndHomePage" time="129.288" classname="com.tdm.qa.testcases.SelectFieldPageTest"/>
</testsuite> <!-- com.tdm.qa.testcases.SelectFieldPageTest -->
